[28/Dec/2020 22:38:13] "POST /login/ HTTP/1.1" 200 26
[28/Dec/2020 22:38:13] "GET /static/admin.html HTTP/1.1" 200 115741
[28/Dec/2020 22:38:13] "GET /static/css/public.css?%27+Math.random();+%27 HTTP/1.1" 200 10738
[28/Dec/2020 22:38:13] "GET /static/css/jquery.searchableSelect.css HTTP/1.1" 200 2492
[28/Dec/2020 22:38:13] "GET /static/font-awesome-4.7.0/css/font-awesome.min.css HTTP/1.1" 200 31000
[28/Dec/2020 22:38:13] "GET /static/css/index.css?%27+Math.random();+%27 HTTP/1.1" 200 8961
[28/Dec/2020 22:38:13] "GET /static/css/pikaday.css HTTP/1.1" 200 3435
[28/Dec/2020 22:38:13] "GET /static/css/admin.css?%27+Math.random();+%27 HTTP/1.1" 200 4072
[28/Dec/2020 22:38:13] "GET /static/css/paging.css HTTP/1.1" 200 1321
[28/Dec/2020 22:38:13] "GET /static/js/jquery.nicescroll.min.js HTTP/1.1" 200 60011
[28/Dec/2020 22:38:13] "GET /static/js/index.js HTTP/1.1" 200 3854
[28/Dec/2020 22:38:13] "GET /static/js/admin_select_input.js?%27+Math.random();+%27 HTTP/1.1" 200 10047
[28/Dec/2020 22:38:13] "GET /static/js/alert_and_confirm.js?%27+Math.random();+%27 HTTP/1.1" 200 5956
[28/Dec/2020 22:38:13] "GET /static/js/jquery.searchableSelect.js HTTP/1.1" 200 9177
[28/Dec/2020 22:38:13] "GET /static/js/pikaday.js HTTP/1.1" 200 27975
[28/Dec/2020 22:38:13] "GET /static/js/public.js?%27+Math.random();+%27 HTTP/1.1" 200 70033
[28/Dec/2020 22:38:13] "GET /static/js/moment.js HTTP/1.1" 200 136222
[28/Dec/2020 22:38:13] "GET /static/js/paging.js HTTP/1.1" 200 6295
[28/Dec/2020 22:38:13] "GET /static/js/address.js HTTP/1.1" 200 65214
[28/Dec/2020 22:38:13] "GET /static/box/equipment_metadata.html?%27+Math.random();+%27 HTTP/1.1" 200 1836
[28/Dec/2020 22:38:13] "GET /static/box/equipmentBox.html?%27+Math.random();+%27 HTTP/1.1" 200 3074
[28/Dec/2020 22:38:13] "GET /static/box/One_Cont_equipmentBox.html?%27+Math.random();+%27 HTTP/1.1" 200 3615
[28/Dec/2020 22:38:13] "GET /static/box/personnel_inputBox.html?%27+Math.random();+%27 HTTP/1.1" 200 3790
[28/Dec/2020 22:38:13] "GET /static/font-awesome-4.7.0/fonts/fontawesome-webfont.woff2?v=4.7.0 HTTP/1.1" 200 77160
[28/Dec/2020 22:38:13] "GET /static/box/project_performanceBox.html?%27+Math.random();+%27 HTTP/1.1" 200 19087
[28/Dec/2020 22:38:13] "GET /static/box/data_sharingBox.html?%27+Math.random();+%27 HTTP/1.1" 200 4558
[28/Dec/2020 22:38:13] "GET /static/js/equipment_js/display_equip.js?%27+Math.random();+%27 HTTP/1.1" 200 3440
[28/Dec/2020 22:38:13] "GET /static/js/equipment_js/equipment.js?%27+Math.random();+%27 HTTP/1.1" 200 47679
[28/Dec/2020 22:38:13] "GET /static/js/input_select_js/input_select.js?%27+Math.random();+%27 HTTP/1.1" 200 1744
[28/Dec/2020 22:38:13] "GET /static/js/equipment_js/adminANDinfo_same.js?%27+Math.random();+%27 HTTP/1.1" 200 53548
[28/Dec/2020 22:38:13] "GET /static/js/auto_matching_js/auto_matching.js?%27+Math.random();+%27 HTTP/1.1" 200 3794
[28/Dec/2020 22:38:13] "GET /static/js/admin.js?%27+Math.random();+%27 HTTP/1.1" 200 284937
[28/Dec/2020 22:38:13] "GET /static/popup/add_equipment_pop.html?%27+Math.random();+%27 HTTP/1.1" 200 9178
[28/Dec/2020 22:38:13] "GET /static/popup/select_equipment_pop.html?%27+Math.random();+%27 HTTP/1.1" 200 6731
[28/Dec/2020 22:38:13] "GET /static/popup/select_equipment_meta_pop.html?%27+Math.random();+%27 HTTP/1.1" 200 4966
[28/Dec/2020 22:38:13] "GET /static/popup/search_warranty_pop.html?%27+Math.random();+%27 HTTP/1.1" 200 4468
[28/Dec/2020 22:38:13] "GET /static/popup/add_cont_personnel_input_pop.html?%27+Math.random();+%27 HTTP/1.1" 200 10797
[28/Dec/2020 22:38:13] "GET /static/popup/update_cont_personnel_input_pop.html?%27+Math.random();+%27 HTTP/1.1" 200 18065
[28/Dec/2020 22:38:13] "GET /static/popup/official_warranty_entrance_pop.html?%27+Math.random();+%27 HTTP/1.1" 200 6222
[28/Dec/2020 22:38:13] "GET /static/img/gb.png HTTP/1.1" 200 39558
[28/Dec/2020 22:38:13] "GET /static/img/zj.png HTTP/1.1" 200 3089
[28/Dec/2020 22:38:13] "GET /static/js/jquery-2.0.3.min.js?_=1609137499111 HTTP/1.1" 404 1793
[28/Dec/2020 22:38:13] "GET /static/img/save.png HTTP/1.1" 200 1676
[28/Dec/2020 22:38:13] "POST /display_saleman/ HTTP/1.1" 200 361
[28/Dec/2020 22:38:13] "POST /display_user/ HTTP/1.1" 200 2099
[28/Dec/2020 22:38:13] "POST /display_worktype/ HTTP/1.1" 200 1288
[28/Dec/2020 22:38:14] "POST /select_option_flag/ HTTP/1.1" 200 16179
[28/Dec/2020 22:38:14] "POST /display_duty/ HTTP/1.1" 200 12635
[28/Dec/2020 22:38:15] "POST /produce_page_for_showAll/ HTTP/1.1" 200 154
[28/Dec/2020 22:38:15] "POST /display_all_work_content_query/ HTTP/1.1" 200 20986
[28/Dec/2020 22:38:15] "POST /get_equipment/ HTTP/1.1" 200 22464
[28/Dec/2020 22:38:16] "POST /display_project/ HTTP/1.1" 200 1062932
[28/Dec/2020 22:38:16] "POST /sort_clientname/ HTTP/1.1" 200 8845
[28/Dec/2020 22:38:17] "POST /sort_prj_contentdata/ HTTP/1.1" 200 1062932
[28/Dec/2020 23:32:58] "GET / HTTP/1.1" 200 2264
[28/Dec/2020 23:33:05] "POST /login/ HTTP/1.1" 200 26
[28/Dec/2020 23:33:06] "POST /display_saleman/ HTTP/1.1" 200 361
[28/Dec/2020 23:33:06] "GET /static/js/jquery-2.0.3.min.js?_=1609140792237 HTTP/1.1" 404 1793
[28/Dec/2020 23:33:06] "POST /display_worktype/ HTTP/1.1" 200 1288
[28/Dec/2020 23:33:06] "POST /display_user/ HTTP/1.1" 200 2099
[28/Dec/2020 23:33:06] "POST /select_option_flag/ HTTP/1.1" 200 16179
[28/Dec/2020 23:33:07] "POST /produce_page_for_showAll/ HTTP/1.1" 200 154
[28/Dec/2020 23:33:07] "POST /display_duty/ HTTP/1.1" 200 12635
[28/Dec/2020 23:33:07] "POST /display_all_work_content_query/ HTTP/1.1" 200 20986
[28/Dec/2020 23:33:07] "POST /get_equipment/ HTTP/1.1" 200 22464
[28/Dec/2020 23:33:08] "POST /display_project/ HTTP/1.1" 200 1062932
[28/Dec/2020 23:33:08] "POST /sort_clientname/ HTTP/1.1" 200 8845
[28/Dec/2020 23:33:09] "POST /sort_prj_contentdata/ HTTP/1.1" 200 1062932
[28/Dec/2020 23:33:11] "POST /display_all_work_content_query/ HTTP/1.1" 200 21357
[28/Dec/2020 23:33:12] "POST /display_all_work_content_query/ HTTP/1.1" 200 20455
Not Found: /favicon.ico
[29/Dec/2020 18:49:09] "GET /favicon.ico HTTP/1.1" 404 15406
[29/Dec/2020 21:34:49] "GET / HTTP/1.1" 200 2264
[29/Dec/2020 21:36:03] "POST /login/ HTTP/1.1" 200 26
[29/Dec/2020 21:36:04] "POST /display_saleman/ HTTP/1.1" 200 361
[29/Dec/2020 21:36:04] "POST /display_user/ HTTP/1.1" 200 2099
[29/Dec/2020 21:36:04] "GET /static/js/jquery-2.0.3.min.js?_=1609220169451 HTTP/1.1" 404 1793
[29/Dec/2020 21:36:04] "POST /display_worktype/ HTTP/1.1" 200 1288
[29/Dec/2020 21:36:04] "POST /display_all_work_content_query/ HTTP/1.1" 200 20986
[29/Dec/2020 21:36:04] "POST /select_option_flag/ HTTP/1.1" 200 16179
[29/Dec/2020 21:36:05] "POST /produce_page_for_showAll/ HTTP/1.1" 200 154
[29/Dec/2020 21:36:05] "POST /get_equipment/ HTTP/1.1" 200 22464
[29/Dec/2020 21:36:05] "POST /display_duty/ HTTP/1.1" 200 12635
[29/Dec/2020 21:36:06] "POST /display_project/ HTTP/1.1" 200 1062932
[29/Dec/2020 21:36:06] "POST /sort_clientname/ HTTP/1.1" 200 8845
[29/Dec/2020 21:36:10] "POST /sort_prj_contentdata/ HTTP/1.1" 200 1062932
[29/Dec/2020 21:52:19] "POST /show_work_count_month/ HTTP/1.1" 200 17093
[29/Dec/2020 21:52:19] "POST /show_work_count/ HTTP/1.1" 200 39044
[29/Dec/2020 21:57:36] "GET / HTTP/1.1" 200 2264
[29/Dec/2020 21:57:45] "POST /login/ HTTP/1.1" 200 26
[29/Dec/2020 21:57:45] "POST /display_saleman/ HTTP/1.1" 200 361
[29/Dec/2020 21:57:45] "GET /static/js/jquery-2.0.3.min.js?_=1609221471146 HTTP/1.1" 404 1793
[29/Dec/2020 21:57:45] "POST /display_worktype/ HTTP/1.1" 200 1288
[29/Dec/2020 21:57:45] "POST /display_user/ HTTP/1.1" 200 2099
[29/Dec/2020 21:57:45] "POST /select_option_flag/ HTTP/1.1" 200 16179
[29/Dec/2020 21:57:46] "POST /produce_page_for_showAll/ HTTP/1.1" 200 154
[29/Dec/2020 21:57:46] "POST /display_duty/ HTTP/1.1" 200 12635
[29/Dec/2020 21:57:47] "POST /display_all_work_content_query/ HTTP/1.1" 200 20986
[29/Dec/2020 21:57:47] "POST /get_equipment/ HTTP/1.1" 200 22464
[29/Dec/2020 21:57:48] "POST /display_project/ HTTP/1.1" 200 1062932
[29/Dec/2020 21:57:48] "POST /sort_clientname/ HTTP/1.1" 200 8845
[29/Dec/2020 21:57:48] "POST /sort_prj_contentdata/ HTTP/1.1" 200 1062932
[30/Dec/2020 00:45:13] "GET /static/js/jquery-2.0.3.min.js?_=1609231516789 HTTP/1.1" 404 1793
[30/Dec/2020 00:45:13] "POST /display_saleman/ HTTP/1.1" 200 361
[30/Dec/2020 00:45:13] "POST /display_worktype/ HTTP/1.1" 200 1288
[30/Dec/2020 00:45:13] "POST /display_user/ HTTP/1.1" 200 2099
[30/Dec/2020 00:45:13] "POST /select_option_flag/ HTTP/1.1" 200 16179
[30/Dec/2020 00:45:14] "POST /produce_page_for_showAll/ HTTP/1.1" 200 154
[30/Dec/2020 00:45:14] "POST /display_duty/ HTTP/1.1" 200 12635
[30/Dec/2020 00:45:14] "POST /get_equipment/ HTTP/1.1" 200 22464
[30/Dec/2020 00:45:14] "POST /display_all_work_content_query/ HTTP/1.1" 200 20986
[30/Dec/2020 00:45:15] "POST /display_project/ HTTP/1.1" 200 1062932
[30/Dec/2020 00:45:16] "POST /sort_clientname/ HTTP/1.1" 200 8845
[30/Dec/2020 00:45:16] "POST /sort_prj_contentdata/ HTTP/1.1" 200 1062932
[30/Dec/2020 21:36:36] "GET /static/admin.html HTTP/1.1" 304 0
[30/Dec/2020 21:36:37] "POST /display_user/ HTTP/1.1" 200 2099
[30/Dec/2020 21:36:37] "GET /static/js/jquery-2.0.3.min.js?_=1609306604181 HTTP/1.1" 404 1793
[30/Dec/2020 21:36:37] "POST /display_worktype/ HTTP/1.1" 200 1288
[30/Dec/2020 21:36:37] "POST /display_saleman/ HTTP/1.1" 200 361
[30/Dec/2020 21:36:37] "POST /select_option_flag/ HTTP/1.1" 200 16179
[30/Dec/2020 21:36:37] "GET /static/img/N.ico HTTP/1.1" 200 2942
[30/Dec/2020 21:36:38] "POST /produce_page_for_showAll/ HTTP/1.1" 200 154
[30/Dec/2020 21:36:38] "POST /get_equipment/ HTTP/1.1" 200 22464
[30/Dec/2020 21:36:38] "POST /display_all_work_content_query/ HTTP/1.1" 200 20986
[30/Dec/2020 21:36:38] "POST /display_duty/ HTTP/1.1" 200 12635
[30/Dec/2020 21:36:39] "POST /display_project/ HTTP/1.1" 200 1062932
[30/Dec/2020 21:36:39] "POST /sort_clientname/ HTTP/1.1" 200 8845
[30/Dec/2020 21:36:41] "POST /sort_prj_contentdata/ HTTP/1.1" 200 1062932
[30/Dec/2020 22:33:32] "GET / HTTP/1.1" 200 2264
[30/Dec/2020 22:33:32] "GET /static/css/public.css HTTP/1.1" 200 10738
[30/Dec/2020 22:33:32] "GET /static/css/login.css HTTP/1.1" 200 2222
[30/Dec/2020 22:33:32] "GET /static/js/jquery.validate.js HTTP/1.1" 200 50276
[30/Dec/2020 22:33:32] "GET /static/js/public.js HTTP/1.1" 200 70033
[30/Dec/2020 22:33:32] "GET /static/js/login.js?%27+Math.random();+%27 HTTP/1.1" 200 1700
[30/Dec/2020 22:33:33] "GET /static/js/jquery.js HTTP/1.1" 200 277978
[30/Dec/2020 22:33:33] "GET /static/js/jquery.cookie.js HTTP/1.1" 200 3238
[30/Dec/2020 22:33:33] "GET /static/js/alert_and_confirm.js HTTP/1.1" 200 5956
[30/Dec/2020 22:33:34] "GET /static/img/logo.png HTTP/1.1" 200 6573
[30/Dec/2020 22:33:35] "GET /static/img/N.ico HTTP/1.1" 200 2942
[30/Dec/2020 23:34:28] "GET /static/admin.html HTTP/1.1" 304 0
[30/Dec/2020 23:34:28] "POST /display_saleman/ HTTP/1.1" 200 361
[30/Dec/2020 23:34:28] "GET /static/js/jquery-2.0.3.min.js?_=1609313675884 HTTP/1.1" 404 1793
[30/Dec/2020 23:34:28] "POST /display_worktype/ HTTP/1.1" 200 1288
[30/Dec/2020 23:34:28] "POST /display_user/ HTTP/1.1" 200 2099
[30/Dec/2020 23:34:29] "POST /select_option_flag/ HTTP/1.1" 200 16179
[30/Dec/2020 23:34:29] "GET /static/img/N.ico HTTP/1.1" 200 2942
[30/Dec/2020 23:34:29] "POST /produce_page_for_showAll/ HTTP/1.1" 200 154
[30/Dec/2020 23:34:29] "POST /display_duty/ HTTP/1.1" 200 12635
[30/Dec/2020 23:34:30] "POST /get_equipment/ HTTP/1.1" 200 22464
[30/Dec/2020 23:34:30] "POST /display_all_work_content_query/ HTTP/1.1" 200 20986
[30/Dec/2020 23:34:31] "POST /display_project/ HTTP/1.1" 200 1062932
[30/Dec/2020 23:34:31] "POST /sort_clientname/ HTTP/1.1" 200 8845
[30/Dec/2020 23:34:32] "POST /sort_prj_contentdata/ HTTP/1.1" 200 1062932
[31/Dec/2020 00:06:26] "GET / HTTP/1.1" 200 2264
[31/Dec/2020 00:06:27] "GET /static/css/public.css HTTP/1.1" 200 10738
[31/Dec/2020 00:06:27] "GET /static/css/login.css HTTP/1.1" 200 2222
[31/Dec/2020 00:06:27] "GET /static/js/login.js?%27+Math.random();+%27 HTTP/1.1" 200 1700
[31/Dec/2020 00:06:27] "GET /static/js/jquery.validate.js HTTP/1.1" 200 50276
[31/Dec/2020 00:06:27] "GET /static/js/public.js HTTP/1.1" 200 70033
[31/Dec/2020 00:06:27] "GET /static/js/jquery.js HTTP/1.1" 200 277978
[31/Dec/2020 00:06:27] "GET /static/js/alert_and_confirm.js HTTP/1.1" 200 5956
[31/Dec/2020 00:06:27] "GET /static/js/jquery.cookie.js HTTP/1.1" 200 3238
[31/Dec/2020 00:06:27] "GET /static/img/logo.png HTTP/1.1" 200 6573
[31/Dec/2020 00:06:27] "GET /static/img/N.ico HTTP/1.1" 200 2942
[31/Dec/2020 00:06:28] "POST /login/ HTTP/1.1" 200 26
[31/Dec/2020 00:06:28] "GET /static/admin.html HTTP/1.1" 200 115741
[31/Dec/2020 00:06:28] "GET /static/font-awesome-4.7.0/css/font-awesome.min.css HTTP/1.1" 200 31000
[31/Dec/2020 00:06:28] "GET /static/css/public.css?%27+Math.random();+%27 HTTP/1.1" 200 10738
[31/Dec/2020 00:06:28] "GET /static/css/pikaday.css HTTP/1.1" 200 3435
[31/Dec/2020 00:06:28] "GET /static/css/jquery.searchableSelect.css HTTP/1.1" 200 2492
[31/Dec/2020 00:06:28] "GET /static/css/index.css?%27+Math.random();+%27 HTTP/1.1" 200 8961
[31/Dec/2020 00:06:28] "GET /static/css/admin.css?%27+Math.random();+%27 HTTP/1.1" 200 4072
[31/Dec/2020 00:06:28] "GET /static/js/index.js HTTP/1.1" 200 3854
[31/Dec/2020 00:06:28] "GET /static/css/paging.css HTTP/1.1" 200 1321
[31/Dec/2020 00:06:28] "GET /static/js/jquery.nicescroll.min.js HTTP/1.1" 200 60011
[31/Dec/2020 00:06:28] "GET /static/js/admin_select_input.js?%27+Math.random();+%27 HTTP/1.1" 200 10047
[31/Dec/2020 00:06:28] "GET /static/js/alert_and_confirm.js?%27+Math.random();+%27 HTTP/1.1" 200 5956
[31/Dec/2020 00:06:28] "GET /static/js/moment.js HTTP/1.1" 200 136222
[31/Dec/2020 00:06:28] "GET /static/js/jquery.searchableSelect.js HTTP/1.1" 200 9177
[31/Dec/2020 00:06:28] "GET /static/js/pikaday.js HTTP/1.1" 200 27975
[31/Dec/2020 00:06:28] "GET /static/js/paging.js HTTP/1.1" 200 6295
[31/Dec/2020 00:06:28] "GET /static/js/public.js?%27+Math.random();+%27 HTTP/1.1" 200 70033
[31/Dec/2020 00:06:28] "GET /static/js/address.js HTTP/1.1" 200 65214
[31/Dec/2020 00:06:28] "GET /static/js/equipment_js/display_equip.js?%27+Math.random();+%27 HTTP/1.1" 200 3440
[31/Dec/2020 00:06:28] "GET /static/js/equipment_js/equipment.js?%27+Math.random();+%27 HTTP/1.1" 200 47679
[31/Dec/2020 00:06:28] "GET /static/js/input_select_js/input_select.js?%27+Math.random();+%27 HTTP/1.1" 200 1744
[31/Dec/2020 00:06:28] "GET /static/js/admin.js?%27+Math.random();+%27 HTTP/1.1" 200 284937
[31/Dec/2020 00:06:28] "GET /static/js/auto_matching_js/auto_matching.js?%27+Math.random();+%27 HTTP/1.1" 200 3794
[31/Dec/2020 00:06:28] "GET /static/js/equipment_js/adminANDinfo_same.js?%27+Math.random();+%27 HTTP/1.1" 200 53548
[31/Dec/2020 00:06:28] "GET /static/box/equipmentBox.html?%27+Math.random();+%27 HTTP/1.1" 200 3074
[31/Dec/2020 00:06:28] "GET /static/box/equipment_metadata.html?%27+Math.random();+%27 HTTP/1.1" 200 1836
[31/Dec/2020 00:06:28] "GET /static/box/One_Cont_equipmentBox.html?%27+Math.random();+%27 HTTP/1.1" 200 3615
[31/Dec/2020 00:06:28] "GET /static/box/data_sharingBox.html?%27+Math.random();+%27 HTTP/1.1" 200 4558
[31/Dec/2020 00:06:28] "GET /static/box/personnel_inputBox.html?%27+Math.random();+%27 HTTP/1.1" 200 3790
[31/Dec/2020 00:06:28] "GET /static/font-awesome-4.7.0/fonts/fontawesome-webfont.woff2?v=4.7.0 HTTP/1.1" 200 77160
[31/Dec/2020 00:06:28] "GET /static/box/project_performanceBox.html?%27+Math.random();+%27 HTTP/1.1" 200 19087
[31/Dec/2020 00:06:28] "GET /static/popup/select_equipment_pop.html?%27+Math.random();+%27 HTTP/1.1" 200 6731
[31/Dec/2020 00:06:28] "GET /static/popup/add_equipment_pop.html?%27+Math.random();+%27 HTTP/1.1" 200 9178
[31/Dec/2020 00:06:28] "GET /static/popup/select_equipment_meta_pop.html?%27+Math.random();+%27 HTTP/1.1" 200 4966
[31/Dec/2020 00:06:29] "GET /static/popup/search_warranty_pop.html?%27+Math.random();+%27 HTTP/1.1" 200 4468
[31/Dec/2020 00:06:29] "GET /static/popup/update_cont_personnel_input_pop.html?%27+Math.random();+%27 HTTP/1.1" 200 18065
[31/Dec/2020 00:06:29] "GET /static/popup/add_cont_personnel_input_pop.html?%27+Math.random();+%27 HTTP/1.1" 200 10797
[31/Dec/2020 00:06:29] "GET /static/popup/official_warranty_entrance_pop.html?%27+Math.random();+%27 HTTP/1.1" 200 6222
[31/Dec/2020 00:06:29] "POST /display_worktype/ HTTP/1.1" 200 1288
[31/Dec/2020 00:06:29] "GET /static/js/jquery-2.0.3.min.js?_=1609315596463 HTTP/1.1" 404 1793
[31/Dec/2020 00:06:29] "POST /display_saleman/ HTTP/1.1" 200 361
[31/Dec/2020 00:06:29] "POST /display_user/ HTTP/1.1" 200 2099
[31/Dec/2020 00:06:29] "POST /select_option_flag/ HTTP/1.1" 200 16179
[31/Dec/2020 00:06:29] "GET /static/img/save.png HTTP/1.1" 200 1676
[31/Dec/2020 00:06:29] "GET /static/img/zj.png HTTP/1.1" 200 3089
[31/Dec/2020 00:06:29] "GET /static/img/gb.png HTTP/1.1" 200 39558
[31/Dec/2020 00:06:30] "POST /get_equipment/ HTTP/1.1" 200 22464
[31/Dec/2020 00:06:30] "POST /produce_page_for_showAll/ HTTP/1.1" 200 154
[31/Dec/2020 00:06:30] "POST /display_all_work_content_query/ HTTP/1.1" 200 20986
[31/Dec/2020 00:06:30] "POST /display_duty/ HTTP/1.1" 200 12635
[31/Dec/2020 00:06:31] "POST /display_project/ HTTP/1.1" 200 1062932
[31/Dec/2020 00:06:31] "POST /sort_clientname/ HTTP/1.1" 200 8845
[31/Dec/2020 00:06:32] "POST /sort_prj_contentdata/ HTTP/1.1" 200 1062932
[31/Dec/2020 00:07:25] "POST /updateTrack/ HTTP/1.1" 200 49
[31/Dec/2020 00:07:26] "POST /sort_prj_contentdata/ HTTP/1.1" 200 1062963
[31/Dec/2020 00:07:35] "POST /updateTrack/ HTTP/1.1" 200 49
[31/Dec/2020 00:07:35] "POST /sort_prj_contentdata/ HTTP/1.1" 200 1062969
[31/Dec/2020 00:07:56] "GET / HTTP/1.1" 200 2264
[31/Dec/2020 00:08:04] "POST /login/ HTTP/1.1" 200 26
[31/Dec/2020 00:08:04] "GET /static/user.html HTTP/1.1" 200 96717
[31/Dec/2020 00:08:04] "GET /static/js/index.js?%27+Math.random();+%27 HTTP/1.1" 200 3854
[31/Dec/2020 00:08:04] "GET /static/css/user.css?%27+Math.random();+%27 HTTP/1.1" 200 3916
[31/Dec/2020 00:08:04] "GET /static/js/user_select_input.js?%27+Math.random();+%27 HTTP/1.1" 200 13449
[31/Dec/2020 00:08:04] "GET /static/js/user.js?%27+Math.random();+%27 HTTP/1.1" 200 289890
[31/Dec/2020 00:08:04] "POST /display_worktype/ HTTP/1.1" 200 1288
[31/Dec/2020 00:08:04] "POST /display_saleman/ HTTP/1.1" 200 361
[31/Dec/2020 00:08:04] "POST /display_project_report/ HTTP/1.1" 200 25
[31/Dec/2020 00:08:04] "POST /display_user/ HTTP/1.1" 200 2099
[31/Dec/2020 00:08:04] "POST /show_work_count_month/ HTTP/1.1" 200 17093
[31/Dec/2020 00:08:05] "POST /display_all_work_content_query/ HTTP/1.1" 200 21539
[31/Dec/2020 00:08:05] "POST /get_equipment/ HTTP/1.1" 200 22464
[31/Dec/2020 00:08:05] "POST /produce_page_for_showAll/ HTTP/1.1" 200 186
[31/Dec/2020 00:08:05] "POST /select_option_flag_person/ HTTP/1.1" 200 25
[31/Dec/2020 00:08:05] "POST /show_work_count/ HTTP/1.1" 200 39044
[31/Dec/2020 00:08:06] "POST /display_project/ HTTP/1.1" 200 1062969
[31/Dec/2020 00:08:06] "POST /sort_clientname/ HTTP/1.1" 200 8845
[31/Dec/2020 00:08:06] "POST /sort_prj_contentdata/ HTTP/1.1" 200 241100
[31/Dec/2020 00:08:21] "GET / HTTP/1.1" 200 2264
[31/Dec/2020 00:08:23] "POST /login/ HTTP/1.1" 200 26
[31/Dec/2020 00:08:24] "GET /static/info.html HTTP/1.1" 200 84188
[31/Dec/2020 00:08:24] "GET /static/js/info_select_input.js?%27+Math.random();+%27 HTTP/1.1" 200 13526
[31/Dec/2020 00:08:24] "GET /static/js/info.js?%27+Math.random();+%27 HTTP/1.1" 200 207620
[31/Dec/2020 00:08:24] "POST /display_user/ HTTP/1.1" 200 2099
[31/Dec/2020 00:08:24] "POST /display_worktype/ HTTP/1.1" 200 1288
[31/Dec/2020 00:08:24] "POST /select_option_flag/ HTTP/1.1" 200 16179
[31/Dec/2020 00:08:25] "POST /produce_page_for_showAll/ HTTP/1.1" 200 154
[31/Dec/2020 00:08:25] "POST /get_equipment/ HTTP/1.1" 200 22464
[31/Dec/2020 00:08:25] "POST /display_user/ HTTP/1.1" 200 2099
[31/Dec/2020 00:08:25] "POST /display_all_work_content_query/ HTTP/1.1" 200 20986
[31/Dec/2020 00:08:26] "POST /display_project/ HTTP/1.1" 200 1062969
[31/Dec/2020 00:08:26] "POST /sort_clientname/ HTTP/1.1" 200 8845
[31/Dec/2020 00:08:27] "POST /sort_prj_contentdata/ HTTP/1.1" 200 1062969
[31/Dec/2020 00:34:11] "POST /produce_page_for_showAll/ HTTP/1.1" 200 154
[31/Dec/2020 00:34:11] "POST /display_all_work_content_query/ HTTP/1.1" 200 20986
[03/Jan/2021 20:48:10] "GET / HTTP/1.1" 200 2264
[03/Jan/2021 20:48:10] "GET /static/css/public.css HTTP/1.1" 200 10738
[03/Jan/2021 20:48:10] "GET /static/css/login.css HTTP/1.1" 200 2222
[03/Jan/2021 20:48:10] "GET /static/js/login.js?%27+Math.random();+%27 HTTP/1.1" 200 1700
[03/Jan/2021 20:48:10] "GET /static/js/public.js HTTP/1.1" 200 70033
[03/Jan/2021 20:48:10] "GET /static/js/jquery.validate.js HTTP/1.1" 200 50276
[03/Jan/2021 20:48:10] "GET /static/js/jquery.cookie.js HTTP/1.1" 200 3238
[03/Jan/2021 20:48:10] "GET /static/js/jquery.js HTTP/1.1" 200 277978
[03/Jan/2021 20:48:10] "GET /static/js/alert_and_confirm.js HTTP/1.1" 200 5956
[03/Jan/2021 20:48:10] "GET /static/img/logo.png HTTP/1.1" 200 6573
[03/Jan/2021 20:48:16] "POST /login/ HTTP/1.1" 200 26
[03/Jan/2021 20:48:16] "GET /static/user.html HTTP/1.1" 200 96717
[03/Jan/2021 20:48:16] "GET /static/font-awesome-4.7.0/css/font-awesome.min.css HTTP/1.1" 200 31000
[03/Jan/2021 20:48:16] "GET /static/css/public.css?%27+Math.random();+%27 HTTP/1.1" 200 10738
[03/Jan/2021 20:48:16] "GET /static/css/index.css?%27+Math.random();+%27 HTTP/1.1" 200 8961
[03/Jan/2021 20:48:16] "GET /static/css/pikaday.css HTTP/1.1" 200 3435
[03/Jan/2021 20:48:16] "GET /static/css/user.css?%27+Math.random();+%27 HTTP/1.1" 200 3916
[03/Jan/2021 20:48:16] "GET /static/css/jquery.searchableSelect.css HTTP/1.1" 200 2492
[03/Jan/2021 20:48:16] "GET /static/css/paging.css HTTP/1.1" 200 1321
[03/Jan/2021 20:48:16] "GET /static/js/jquery.nicescroll.min.js HTTP/1.1" 200 60011
[03/Jan/2021 20:48:16] "GET /static/js/index.js?%27+Math.random();+%27 HTTP/1.1" 200 3854
[03/Jan/2021 20:48:16] "GET /static/js/user_select_input.js?%27+Math.random();+%27 HTTP/1.1" 200 13449
[03/Jan/2021 20:48:17] "GET /static/box/equipmentBox.html?%27+Math.random();+%27 HTTP/1.1" 200 3074
[03/Jan/2021 20:48:17] "GET /static/box/One_Cont_equipmentBox.html?%27+Math.random();+%27 HTTP/1.1" 200 3615
[03/Jan/2021 20:48:17] "GET /static/box/data_sharingBox.html?%27+Math.random();+%27 HTTP/1.1" 200 4558
[03/Jan/2021 20:48:17] "GET /static/box/project_performanceBox.html?%27+Math.random();+%27 HTTP/1.1" 200 19087
[03/Jan/2021 20:48:17] "GET /static/font-awesome-4.7.0/fonts/fontawesome-webfont.woff2?v=4.7.0 HTTP/1.1" 200 77160
[03/Jan/2021 20:48:17] "GET /static/js/alert_and_confirm.js?%27+Math.random();+%27 HTTP/1.1" 200 5956
[03/Jan/2021 20:48:17] "GET /static/popup/add_equipment_pop.html?%27+Math.random();+%27 HTTP/1.1" 200 9178
[03/Jan/2021 20:48:17] "GET /static/popup/select_equipment_pop.html?%27+Math.random();+%27 HTTP/1.1" 200 6731
[03/Jan/2021 20:48:17] "GET /static/popup/official_warranty_entrance_pop.html?%27+Math.random();+%27 HTTP/1.1" 200 6222
[03/Jan/2021 20:48:17] "GET /static/js/pikaday.js HTTP/1.1" 200 27975
[03/Jan/2021 20:48:17] "GET /static/js/jquery.searchableSelect.js HTTP/1.1" 200 9177
[03/Jan/2021 20:48:17] "GET /static/js/public.js?%27+Math.random();+%27 HTTP/1.1" 200 70033
[03/Jan/2021 20:48:17] "GET /static/img/zj.png HTTP/1.1" 200 3089
[03/Jan/2021 20:48:17] "GET /static/js/address.js HTTP/1.1" 200 65214
[03/Jan/2021 20:48:17] "GET /static/js/moment.js HTTP/1.1" 200 136222
[03/Jan/2021 20:48:17] "GET /static/js/paging.js HTTP/1.1" 200 6295
[03/Jan/2021 20:48:17] "GET /static/js/equipment_js/equipment.js?%27+Math.random();+%27 HTTP/1.1" 200 47679
[03/Jan/2021 20:48:17] "GET /static/js/equipment_js/display_equip.js?%27+Math.random();+%27 HTTP/1.1" 200 3440
[03/Jan/2021 20:48:17] "GET /static/js/input_select_js/input_select.js?%27+Math.random();+%27 HTTP/1.1" 200 1744
[03/Jan/2021 20:48:17] "GET /static/js/auto_matching_js/auto_matching.js?%27+Math.random();+%27 HTTP/1.1" 200 3794
[03/Jan/2021 20:48:17] "GET /static/js/user.js?%27+Math.random();+%27 HTTP/1.1" 200 289890
[03/Jan/2021 20:48:17] "POST /display_saleman/ HTTP/1.1" 200 361
[03/Jan/2021 20:48:17] "POST /display_project_report/ HTTP/1.1" 200 25
[03/Jan/2021 20:48:17] "POST /display_worktype/ HTTP/1.1" 200 1288
[03/Jan/2021 20:48:17] "POST /display_user/ HTTP/1.1" 200 2099
[03/Jan/2021 20:48:17] "POST /show_work_count_month/ HTTP/1.1" 200 17093
[03/Jan/2021 20:48:18] "POST /produce_page_for_showAll/ HTTP/1.1" 200 202
[03/Jan/2021 20:48:18] "POST /get_equipment/ HTTP/1.1" 200 22464
[03/Jan/2021 20:48:18] "POST /show_work_count/ HTTP/1.1" 200 39044
[03/Jan/2021 20:48:18] "POST /select_option_flag_person/ HTTP/1.1" 200 25
[03/Jan/2021 20:48:18] "POST /display_all_work_content_query/ HTTP/1.1" 200 19474
[03/Jan/2021 20:48:18] "GET /static/img/gb.png HTTP/1.1" 200 39558
[03/Jan/2021 20:48:19] "POST /display_project/ HTTP/1.1" 200 1062969
[03/Jan/2021 20:48:19] "POST /sort_clientname/ HTTP/1.1" 200 8845
[05/Jan/2021 23:03:44] "GET / HTTP/1.1" 200 2264
[05/Jan/2021 23:03:44] "GET /static/css/public.css HTTP/1.1" 200 10738
[05/Jan/2021 23:03:44] "GET /static/css/login.css HTTP/1.1" 200 2222
[05/Jan/2021 23:03:44] "GET /static/js/jquery.validate.js HTTP/1.1" 200 50276
[05/Jan/2021 23:03:44] "GET /static/js/login.js?%27+Math.random();+%27 HTTP/1.1" 200 1700
[05/Jan/2021 23:03:44] "GET /static/js/public.js HTTP/1.1" 200 70033
[05/Jan/2021 23:03:44] "GET /static/js/jquery.cookie.js HTTP/1.1" 200 3238
[05/Jan/2021 23:03:44] "GET /static/img/logo.png HTTP/1.1" 200 6573
[05/Jan/2021 23:03:44] "GET /static/js/alert_and_confirm.js HTTP/1.1" 200 5956
[05/Jan/2021 23:03:44] "GET /static/js/jquery.js HTTP/1.1" 200 277978
[05/Jan/2021 23:03:59] "POST /login/ HTTP/1.1" 200 26
[05/Jan/2021 23:03:59] "GET /static/font-awesome-4.7.0/css/font-awesome.min.css HTTP/1.1" 200 31000
[05/Jan/2021 23:03:59] "GET /static/info.html HTTP/1.1" 200 84188
[05/Jan/2021 23:03:59] "GET /static/css/public.css?%27+Math.random();+%27 HTTP/1.1" 200 10738
[05/Jan/2021 23:03:59] "GET /static/css/pikaday.css HTTP/1.1" 200 3435
[05/Jan/2021 23:03:59] "GET /static/css/jquery.searchableSelect.css HTTP/1.1" 200 2492
[05/Jan/2021 23:03:59] "GET /static/css/index.css?%27+Math.random();+%27 HTTP/1.1" 200 8961
[05/Jan/2021 23:03:59] "GET /static/css/admin.css?%27+Math.random();+%27 HTTP/1.1" 200 4072
[05/Jan/2021 23:03:59] "GET /static/css/paging.css HTTP/1.1" 200 1321
[05/Jan/2021 23:03:59] "GET /static/js/jquery.nicescroll.min.js HTTP/1.1" 200 60011
[05/Jan/2021 23:03:59] "GET /static/js/index.js HTTP/1.1" 200 3854
[05/Jan/2021 23:04:00] "GET /static/js/info_select_input.js?%27+Math.random();+%27 HTTP/1.1" 200 13526
[05/Jan/2021 23:04:00] "GET /static/box/equipmentBox.html?%27+Math.random();+%27 HTTP/1.1" 200 3074
[05/Jan/2021 23:04:00] "GET /static/box/One_Cont_equipmentBox.html?%27+Math.random();+%27 HTTP/1.1" 200 3615
[05/Jan/2021 23:04:00] "GET /static/box/project_performanceBox.html?%27+Math.random();+%27 HTTP/1.1" 200 19087
[05/Jan/2021 23:04:00] "GET /static/box/data_sharingBox.html?%27+Math.random();+%27 HTTP/1.1" 200 4558
[05/Jan/2021 23:04:00] "GET /static/popup/add_equipment_pop.html?%27+Math.random();+%27 HTTP/1.1" 200 9178
[05/Jan/2021 23:04:00] "GET /static/font-awesome-4.7.0/fonts/fontawesome-webfont.woff2?v=4.7.0 HTTP/1.1" 200 77160
[05/Jan/2021 23:04:00] "GET /static/popup/select_equipment_pop.html?%27+Math.random();+%27 HTTP/1.1" 200 6731
[05/Jan/2021 23:04:00] "GET /static/popup/search_warranty_pop.html?%27+Math.random();+%27 HTTP/1.1" 200 4468
[05/Jan/2021 23:04:00] "GET /static/popup/official_warranty_entrance_pop.html?%27+Math.random();+%27 HTTP/1.1" 200 6222
[05/Jan/2021 23:04:00] "GET /static/img/zj.png HTTP/1.1" 200 3089
[05/Jan/2021 23:04:00] "GET /static/js/alert_and_confirm.js?%27+Math.random();+%27 HTTP/1.1" 200 5956
[05/Jan/2021 23:04:00] "GET /static/js/pikaday.js HTTP/1.1" 200 27975
[05/Jan/2021 23:04:00] "GET /static/js/jquery.searchableSelect.js HTTP/1.1" 200 9177
[05/Jan/2021 23:04:00] "GET /static/js/public.js?%27+Math.random();+%27 HTTP/1.1" 200 70033
[05/Jan/2021 23:04:00] "GET /static/js/address.js HTTP/1.1" 200 65214
[05/Jan/2021 23:04:00] "GET /static/js/paging.js HTTP/1.1" 200 6295
[05/Jan/2021 23:04:00] "GET /static/js/moment.js HTTP/1.1" 200 136222
[05/Jan/2021 23:04:00] "GET /static/js/input_select_js/input_select.js?%27+Math.random();+%27 HTTP/1.1" 200 1744
[05/Jan/2021 23:04:00] "GET /static/js/equipment_js/equipment.js?%27+Math.random();+%27 HTTP/1.1" 200 47679
[05/Jan/2021 23:04:00] "GET /static/js/info.js?%27+Math.random();+%27 HTTP/1.1" 200 207620
[05/Jan/2021 23:04:00] "GET /static/js/auto_matching_js/auto_matching.js?%27+Math.random();+%27 HTTP/1.1" 200 3794
[05/Jan/2021 23:04:00] "GET /static/js/equipment_js/adminANDinfo_same.js?%27+Math.random();+%27 HTTP/1.1" 200 53548
[05/Jan/2021 23:04:00] "GET /static/img/gb.png HTTP/1.1" 200 39558
[05/Jan/2021 23:04:01] "POST /display_user/ HTTP/1.1" 200 2099
[05/Jan/2021 23:04:01] "POST /display_worktype/ HTTP/1.1" 200 1288
[05/Jan/2021 23:04:01] "POST /produce_page_for_showAll/ HTTP/1.1" 200 154
[05/Jan/2021 23:04:02] "POST /display_user/ HTTP/1.1" 200 2099
[05/Jan/2021 23:04:02] "POST /select_option_flag/ HTTP/1.1" 200 16179
[05/Jan/2021 23:04:02] "POST /display_all_work_content_query/ HTTP/1.1" 200 20986
[05/Jan/2021 23:04:02] "POST /get_equipment/ HTTP/1.1" 200 22464
[05/Jan/2021 23:04:03] "POST /display_project/ HTTP/1.1" 200 1062969
[05/Jan/2021 23:04:04] "POST /sort_clientname/ HTTP/1.1" 200 8845
[05/Jan/2021 23:04:05] "POST /sort_prj_contentdata/ HTTP/1.1" 200 1062969
[05/Jan/2021 23:04:26] "POST /updateTrack/ HTTP/1.1" 200 49
[05/Jan/2021 23:04:27] "POST /sort_prj_contentdata/ HTTP/1.1" 200 1062934
[14/Jan/2021 01:18:53] "GET / HTTP/1.1" 200 2264
[14/Jan/2021 01:18:53] "GET /static/css/login.css HTTP/1.1" 200 2222
[14/Jan/2021 01:18:53] "GET /static/js/jquery.validate.js HTTP/1.1" 200 50276
[14/Jan/2021 01:18:53] "GET /static/js/public.js HTTP/1.1" 200 70033
[14/Jan/2021 01:18:53] "GET /static/js/login.js?%27+Math.random();+%27 HTTP/1.1" 200 1700
[14/Jan/2021 01:18:53] "GET /static/css/public.css HTTP/1.1" 200 10738
[14/Jan/2021 01:18:53] "GET /static/js/jquery.cookie.js HTTP/1.1" 200 3238
[14/Jan/2021 01:18:53] "GET /static/img/logo.png HTTP/1.1" 200 6573
[14/Jan/2021 01:18:53] "GET /static/js/jquery.js HTTP/1.1" 200 277978
[14/Jan/2021 01:18:54] "GET /static/js/alert_and_confirm.js HTTP/1.1" 200 5956
Performing system checks...

System check identified no issues (0 silenced).
December 28, 2020 - 22:38:13
Django version 1.11.12, using settings 'lc_server.settings'
Starting development server at http://10.30.41.17:80/
Quit the server with CONTROL-C.
Performing system checks...

System check identified no issues (0 silenced).
January 14, 2021 - 21:45:13
Django version 1.11.12, using settings 'lc_server.settings'
Starting development server at http://10.30.41.17:80/
Quit the server with CONTROL-C.
[14/Jan/2021 21:49:32] "GET / HTTP/1.1" 200 2264
[14/Jan/2021 21:49:33] "GET /static/img/N.ico HTTP/1.1" 200 2942
[14/Jan/2021 21:49:58] "POST /login/ HTTP/1.1" 200 26
[14/Jan/2021 21:49:58] "GET /static/font-awesome-4.7.0/css/font-awesome.min.css HTTP/1.1" 200 31000
[14/Jan/2021 21:49:58] "GET /static/user.html HTTP/1.1" 200 97121
[14/Jan/2021 21:49:59] "GET /static/css/index.css?%27+Math.random();+%27 HTTP/1.1" 200 8961
[14/Jan/2021 21:49:59] "GET /static/css/pikaday.css HTTP/1.1" 200 3435
[14/Jan/2021 21:49:59] "GET /static/css/public.css?%27+Math.random();+%27 HTTP/1.1" 200 10738
[14/Jan/2021 21:49:59] "GET /static/css/user.css?%27+Math.random();+%27 HTTP/1.1" 200 3916
[14/Jan/2021 21:49:59] "GET /static/css/paging.css HTTP/1.1" 200 1321
[14/Jan/2021 21:49:59] "GET /static/css/jquery.searchableSelect.css HTTP/1.1" 200 2492
[14/Jan/2021 21:49:59] "GET /static/js/index.js?%27+Math.random();+%27 HTTP/1.1" 200 3854
[14/Jan/2021 21:49:59] "GET /static/js/jquery.nicescroll.min.js HTTP/1.1" 200 60011
[14/Jan/2021 21:49:59] "GET /static/js/user_select_input.js?%27+Math.random();+%27 HTTP/1.1" 200 13449
[14/Jan/2021 21:49:59] "GET /static/js/alert_and_confirm.js?%27+Math.random();+%27 HTTP/1.1" 200 5956
[14/Jan/2021 21:49:59] "GET /static/js/jquery.searchableSelect.js HTTP/1.1" 200 9177
[14/Jan/2021 21:49:59] "GET /static/box/update_tishi_mymove.html?%27+Math.random();+%27 HTTP/1.1" 200 2196
[14/Jan/2021 21:49:59] "GET /static/js/pikaday.js HTTP/1.1" 200 27975
[14/Jan/2021 21:49:59] "GET /static/js/address.js HTTP/1.1" 200 65214
[14/Jan/2021 21:49:59] "GET /static/js/public.js?%27+Math.random();+%27 HTTP/1.1" 200 70944
[14/Jan/2021 21:49:59] "GET /static/js/moment.js HTTP/1.1" 200 136222
[14/Jan/2021 21:49:59] "GET /static/box/equipmentBox.html?%27+Math.random();+%27 HTTP/1.1" 200 3074
[14/Jan/2021 21:49:59] "GET /static/box/One_Cont_equipmentBox.html?%27+Math.random();+%27 HTTP/1.1" 200 3615
[14/Jan/2021 21:49:59] "GET /static/font-awesome-4.7.0/fonts/fontawesome-webfont.woff2?v=4.7.0 HTTP/1.1" 200 77160
[14/Jan/2021 21:49:59] "GET /static/box/data_sharingBox.html?%27+Math.random();+%27 HTTP/1.1" 200 4558
[14/Jan/2021 21:49:59] "GET /static/box/project_performanceBox.html?%27+Math.random();+%27 HTTP/1.1" 200 19087
[14/Jan/2021 21:49:59] "GET /static/popup/add_equipment_pop.html?%27+Math.random();+%27 HTTP/1.1" 200 9178
[14/Jan/2021 21:49:59] "GET /static/popup/select_equipment_pop.html?%27+Math.random();+%27 HTTP/1.1" 200 6731
[14/Jan/2021 21:49:59] "GET /static/popup/official_warranty_entrance_pop.html?%27+Math.random();+%27 HTTP/1.1" 200 6222
[14/Jan/2021 21:49:59] "GET /static/js/paging.js HTTP/1.1" 200 6295
[14/Jan/2021 21:49:59] "GET /static/js/equipment_js/equipment.js?%27+Math.random();+%27 HTTP/1.1" 200 47679
[14/Jan/2021 21:49:59] "GET /static/js/equipment_js/display_equip.js?%27+Math.random();+%27 HTTP/1.1" 200 3440
[14/Jan/2021 21:49:59] "GET /static/js/input_select_js/input_select.js?%27+Math.random();+%27 HTTP/1.1" 200 1744
[14/Jan/2021 21:49:59] "GET /static/js/user.js?%27+Math.random();+%27 HTTP/1.1" 200 289976
[14/Jan/2021 21:49:59] "GET /static/js/auto_matching_js/auto_matching.js?%27+Math.random();+%27 HTTP/1.1" 200 3794
[14/Jan/2021 21:49:59] "POST /display_worktype/ HTTP/1.1" 200 1288
[14/Jan/2021 21:49:59] "POST /display_project_report/ HTTP/1.1" 200 25
[14/Jan/2021 21:49:59] "POST /display_saleman/ HTTP/1.1" 200 361
[14/Jan/2021 21:49:59] "POST /display_user/ HTTP/1.1" 200 2099
[14/Jan/2021 21:49:59] "GET /static/img/zj.png HTTP/1.1" 200 3089
[14/Jan/2021 21:49:59] "POST /get_update_tishi/ HTTP/1.1" 200 25
[14/Jan/2021 21:49:59] "GET /static/img/gb.png HTTP/1.1" 200 39558
[14/Jan/2021 21:50:00] "POST /show_work_count_month/ HTTP/1.1" 200 19193
[14/Jan/2021 21:50:00] "POST /get_equipment/ HTTP/1.1" 200 22464
[14/Jan/2021 21:50:00] "POST /show_work_count/ HTTP/1.1" 200 41690
[14/Jan/2021 21:50:00] "POST /display_all_work_content_query/ HTTP/1.1" 200 19474
[14/Jan/2021 21:50:00] "POST /produce_page_for_showAll/ HTTP/1.1" 200 202
[14/Jan/2021 21:50:00] "POST /select_option_flag_person/ HTTP/1.1" 200 25
[14/Jan/2021 21:50:01] "POST /display_project/ HTTP/1.1" 200 1062934
[14/Jan/2021 21:50:02] "POST /sort_clientname/ HTTP/1.1" 200 8845
[14/Jan/2021 21:52:36] "GET /static/user.html HTTP/1.1" 304 0
[14/Jan/2021 21:52:36] "GET /static/js/public.js?%27+Math.random();+%27 HTTP/1.1" 304 0
[14/Jan/2021 21:52:36] "GET /static/box/update_tishi_mymove.html?%27+Math.random();+%27 HTTP/1.1" 304 0
[14/Jan/2021 21:52:36] "GET /static/js/user.js?%27+Math.random();+%27 HTTP/1.1" 304 0
[14/Jan/2021 21:52:36] "POST /display_saleman/ HTTP/1.1" 200 361
[14/Jan/2021 21:52:36] "POST /display_worktype/ HTTP/1.1" 200 1288
[14/Jan/2021 21:52:36] "POST /display_project_report/ HTTP/1.1" 200 25
[14/Jan/2021 21:52:36] "POST /display_user/ HTTP/1.1" 200 2099
[14/Jan/2021 21:52:36] "GET /static/img/N.ico HTTP/1.1" 200 2942
[14/Jan/2021 21:52:36] "POST /get_update_tishi/ HTTP/1.1" 200 101
[14/Jan/2021 21:52:36] "POST /show_work_count_month/ HTTP/1.1" 200 19193
[14/Jan/2021 21:52:36] "POST /get_equipment/ HTTP/1.1" 200 22464
[14/Jan/2021 21:52:37] "POST /produce_page_for_showAll/ HTTP/1.1" 200 202
[14/Jan/2021 21:52:37] "POST /select_option_flag_person/ HTTP/1.1" 200 25
[14/Jan/2021 21:52:37] "POST /show_work_count/ HTTP/1.1" 200 41690
[14/Jan/2021 21:52:37] "POST /display_all_work_content_query/ HTTP/1.1" 200 19474
[14/Jan/2021 21:52:38] "POST /display_project/ HTTP/1.1" 200 1062934
[14/Jan/2021 21:52:39] "POST /sort_clientname/ HTTP/1.1" 200 8845
[14/Jan/2021 21:52:41] "GET /static/user.html HTTP/1.1" 304 0
[14/Jan/2021 21:52:42] "POST /display_worktype/ HTTP/1.1" 200 1288
[14/Jan/2021 21:52:42] "POST /display_user/ HTTP/1.1" 200 2099
[14/Jan/2021 21:52:42] "POST /display_saleman/ HTTP/1.1" 200 361
[14/Jan/2021 21:52:42] "POST /display_project_report/ HTTP/1.1" 200 25
[14/Jan/2021 21:52:42] "GET /static/img/N.ico HTTP/1.1" 200 2942
[14/Jan/2021 21:52:42] "POST /get_update_tishi/ HTTP/1.1" 200 101
[14/Jan/2021 21:52:42] "POST /show_work_count_month/ HTTP/1.1" 200 19193
[14/Jan/2021 21:52:42] "POST /select_option_flag_person/ HTTP/1.1" 200 25
[14/Jan/2021 21:52:42] "POST /produce_page_for_showAll/ HTTP/1.1" 200 202
[14/Jan/2021 21:52:42] "POST /show_work_count/ HTTP/1.1" 200 41690
[14/Jan/2021 21:52:42] "POST /get_equipment/ HTTP/1.1" 200 22464
[14/Jan/2021 21:52:42] "POST /display_all_work_content_query/ HTTP/1.1" 200 19474
[14/Jan/2021 21:52:43] "POST /display_project/ HTTP/1.1" 200 1062934
[14/Jan/2021 21:52:43] "POST /sort_clientname/ HTTP/1.1" 200 8845
[14/Jan/2021 21:52:44] "GET /static/user.html HTTP/1.1" 304 0
[14/Jan/2021 21:52:44] "POST /display_user/ HTTP/1.1" 200 2099
[14/Jan/2021 21:52:44] "POST /display_worktype/ HTTP/1.1" 200 1288
[14/Jan/2021 21:52:44] "POST /display_saleman/ HTTP/1.1" 200 361
[14/Jan/2021 21:52:44] "POST /display_project_report/ HTTP/1.1" 200 25
[14/Jan/2021 21:52:44] "GET /static/img/N.ico HTTP/1.1" 200 2942
[14/Jan/2021 21:52:44] "POST /get_update_tishi/ HTTP/1.1" 200 101
[14/Jan/2021 21:52:44] "POST /show_work_count_month/ HTTP/1.1" 200 19193
[14/Jan/2021 21:52:44] "POST /get_equipment/ HTTP/1.1" 200 22464
[14/Jan/2021 21:52:44] "POST /show_work_count/ HTTP/1.1" 200 41690
[14/Jan/2021 21:52:44] "POST /display_all_work_content_query/ HTTP/1.1" 200 19474
[14/Jan/2021 21:52:44] "POST /produce_page_for_showAll/ HTTP/1.1" 200 202
[14/Jan/2021 21:52:44] "POST /select_option_flag_person/ HTTP/1.1" 200 25
[14/Jan/2021 21:52:45] "GET /static/user.html HTTP/1.1" 304 0
[14/Jan/2021 21:52:45] "POST /display_project/ HTTP/1.1" 200 1062934
[2021-01-14 21:52:45,699] - Broken pipe from ('10.30.26.53', 59760)

[14/Jan/2021 21:52:45] "POST /display_worktype/ HTTP/1.1" 200 1288
[14/Jan/2021 21:52:45] "POST /display_saleman/ HTTP/1.1" 200 361
[14/Jan/2021 21:52:45] "POST /display_project_report/ HTTP/1.1" 200 25
[14/Jan/2021 21:52:46] "GET /static/img/N.ico HTTP/1.1" 200 2942
[14/Jan/2021 21:52:46] "POST /display_user/ HTTP/1.1" 200 2099
[14/Jan/2021 21:52:46] "POST /get_update_tishi/ HTTP/1.1" 200 101
[14/Jan/2021 21:52:46] "POST /show_work_count_month/ HTTP/1.1" 200 19193
[14/Jan/2021 21:52:46] "POST /get_equipment/ HTTP/1.1" 200 22464
[14/Jan/2021 21:52:46] "POST /produce_page_for_showAll/ HTTP/1.1" 200 202
[14/Jan/2021 21:52:46] "POST /select_option_flag_person/ HTTP/1.1" 200 25
[14/Jan/2021 21:52:46] "POST /show_work_count/ HTTP/1.1" 200 41690
[14/Jan/2021 21:52:46] "POST /display_all_work_content_query/ HTTP/1.1" 200 19474
[14/Jan/2021 21:52:47] "POST /display_project/ HTTP/1.1" 200 1062934
[14/Jan/2021 21:52:47] "POST /sort_clientname/ HTTP/1.1" 200 8845
[16/Jan/2021 00:57:17] "GET /static/user.html HTTP/1.1" 200 97121
[16/Jan/2021 00:57:17] "GET /static/font-awesome-4.7.0/css/font-awesome.min.css HTTP/1.1" 200 31000
[16/Jan/2021 00:57:17] "GET /static/css/public.css?%27+Math.random();+%27 HTTP/1.1" 200 10738
[16/Jan/2021 00:57:17] "GET /static/css/pikaday.css HTTP/1.1" 200 3435
[16/Jan/2021 00:57:17] "GET /static/css/index.css?%27+Math.random();+%27 HTTP/1.1" 200 8961
[16/Jan/2021 00:57:17] "GET /static/css/user.css?%27+Math.random();+%27 HTTP/1.1" 200 3916
[16/Jan/2021 00:57:17] "GET /static/css/paging.css HTTP/1.1" 200 1321
[16/Jan/2021 00:57:17] "GET /static/css/jquery.searchableSelect.css HTTP/1.1" 200 2492
[16/Jan/2021 00:57:17] "GET /static/js/jquery.cookie.js HTTP/1.1" 200 3238
[16/Jan/2021 00:57:17] "GET /static/js/jquery.nicescroll.min.js HTTP/1.1" 200 60011
[16/Jan/2021 00:57:17] "GET /static/js/index.js?%27+Math.random();+%27 HTTP/1.1" 200 3854
[16/Jan/2021 00:57:17] "GET /static/js/user_select_input.js?%27+Math.random();+%27 HTTP/1.1" 200 13449
[16/Jan/2021 00:57:17] "GET /static/js/jquery.js HTTP/1.1" 200 277978
[16/Jan/2021 00:57:17] "GET /static/js/alert_and_confirm.js?%27+Math.random();+%27 HTTP/1.1" 200 5956
[16/Jan/2021 00:57:17] "GET /static/js/pikaday.js HTTP/1.1" 200 27975
[16/Jan/2021 00:57:17] "GET /static/img/logo.png HTTP/1.1" 200 6573
[16/Jan/2021 00:57:17] "GET /static/js/moment.js HTTP/1.1" 200 136222
[16/Jan/2021 00:57:17] "GET /static/js/public.js?%27+Math.random();+%27 HTTP/1.1" 200 70944
[16/Jan/2021 00:57:17] "GET /static/js/jquery.searchableSelect.js HTTP/1.1" 200 9177
[16/Jan/2021 00:57:17] "GET /static/js/address.js HTTP/1.1" 200 65214
[16/Jan/2021 00:57:17] "GET /static/js/paging.js HTTP/1.1" 200 6295
[16/Jan/2021 00:57:17] "GET /static/box/equipmentBox.html?%27+Math.random();+%27 HTTP/1.1" 200 3074
[16/Jan/2021 00:57:17] "GET /static/box/update_tishi_mymove.html?%27+Math.random();+%27 HTTP/1.1" 200 2196
[16/Jan/2021 00:57:17] "GET /static/font-awesome-4.7.0/fonts/fontawesome-webfont.woff2?v=4.7.0 HTTP/1.1" 200 77160
[16/Jan/2021 00:57:17] "GET /static/box/project_performanceBox.html?%27+Math.random();+%27 HTTP/1.1" 200 19087
[16/Jan/2021 00:57:17] "GET /static/box/One_Cont_equipmentBox.html?%27+Math.random();+%27 HTTP/1.1" 200 3615
[16/Jan/2021 00:57:17] "GET /static/box/data_sharingBox.html?%27+Math.random();+%27 HTTP/1.1" 200 4558
[16/Jan/2021 00:57:17] "GET /static/popup/add_equipment_pop.html?%27+Math.random();+%27 HTTP/1.1" 200 9178
[16/Jan/2021 00:57:17] "GET /static/popup/select_equipment_pop.html?%27+Math.random();+%27 HTTP/1.1" 200 6731
[16/Jan/2021 00:57:17] "GET /static/js/equipment_js/equipment.js?%27+Math.random();+%27 HTTP/1.1" 200 47679
[16/Jan/2021 00:57:17] "GET /static/popup/official_warranty_entrance_pop.html?%27+Math.random();+%27 HTTP/1.1" 200 6222
[16/Jan/2021 00:57:17] "GET /static/js/input_select_js/input_select.js?%27+Math.random();+%27 HTTP/1.1" 200 1744
[16/Jan/2021 00:57:17] "GET /static/js/equipment_js/display_equip.js?%27+Math.random();+%27 HTTP/1.1" 200 3440
[16/Jan/2021 00:57:17] "GET /static/js/auto_matching_js/auto_matching.js?%27+Math.random();+%27 HTTP/1.1" 200 3794
[16/Jan/2021 00:57:17] "GET /static/img/zj.png HTTP/1.1" 200 3089
[16/Jan/2021 00:57:17] "GET /static/img/gb.png HTTP/1.1" 200 39558
[16/Jan/2021 00:57:17] "GET /static/js/user.js?%27+Math.random();+%27 HTTP/1.1" 200 289976
[16/Jan/2021 00:57:17] "GET / HTTP/1.1" 200 2264
[16/Jan/2021 00:57:17] "POST /display_user/ HTTP/1.1" 200 2264
[16/Jan/2021 00:57:17] "POST /display_worktype/ HTTP/1.1" 200 1288
[16/Jan/2021 00:57:17] "GET /static/css/login.css HTTP/1.1" 200 2222
[16/Jan/2021 00:57:17] "POST /show_work_count/ HTTP/1.1" 200 2264
[2021-01-16 00:57:17,661] - Broken pipe from ('10.30.26.53', 57491)

[16/Jan/2021 00:57:17] "GET /static/css/public.css HTTP/1.1" 200 10738
[16/Jan/2021 00:57:17] "POST /display_project_report/ HTTP/1.1" 200 2264
[2021-01-16 00:57:17,678] - Broken pipe from ('10.30.26.53', 57488)

[16/Jan/2021 00:57:17] "POST /display_saleman/ HTTP/1.1" 200 361
[2021-01-16 00:57:17,687] - Broken pipe from ('10.30.26.53', 57489)

[16/Jan/2021 00:57:17] "GET /static/js/jquery.validate.js HTTP/1.1" 200 50276
[16/Jan/2021 00:57:17] "POST /show_work_count_month/ HTTP/1.1" 200 2264
[2021-01-16 00:57:17,705] - Broken pipe from ('10.30.26.53', 57492)

[16/Jan/2021 00:57:17] "GET /static/js/login.js?%27+Math.random();+%27 HTTP/1.1" 200 1700
[16/Jan/2021 00:57:17] "GET /static/js/public.js HTTP/1.1" 200 70944
[16/Jan/2021 00:57:17] "GET /static/js/alert_and_confirm.js HTTP/1.1" 200 5956
[16/Jan/2021 00:57:17] "GET /static/img/N.ico HTTP/1.1" 200 2942
[16/Jan/2021 00:57:17] "POST /get_equipment/ HTTP/1.1" 200 22464
[19/Jan/2021 19:10:51] "GET / HTTP/1.1" 200 2264
[19/Jan/2021 19:10:51] "GET /static/js/public.js HTTP/1.1" 304 0
[19/Jan/2021 20:17:46] "GET / HTTP/1.1" 200 2264
